<?xml version="1.0" encoding="UTF-8"?>
<!-- Generated by org.testng.reporters.JUnitReportReporter -->
<testsuite skipped="0" hostname="ariatech9-PC" name="pavan.test" tests="1" failures="0" timestamp="22 May 2018 05:44:05 GMT" time="10.776" errors="0">
  <testcase name="login" time="10.776" classname="pavan.test"/>
</testsuite> <!-- pavan.test -->
